<?xml version="1.0" encoding="utf-8"?><testsuites name="pytest tests"><testsuite name="pytest" errors="0" failures="0" skipped="0" tests="29" time="72.351" timestamp="2026-07-02T15:31:00.830935+00:00" hostname="agent-env-9f1809fd-fe2a-4b1d-93d3-25c1bb39eadd"><testcase classname="tests.backend_test.TestSuperAdmin" name="test_login_invalid" time="0.362" /><testcase classname="tests.backend_test.TestGalleryFlow" name="test_create_gallery" time="0.704" /><testcase classname="tests.backend_test.TestGalleryFlow" name="test_list_galleries" time="0.130" /><testcase classname="tests.backend_test.TestSuperAdmin" name="test_login_success" time="0.351" /><testcase classname="tests.backend_test.TestSuperAdmin" name="test_list_tenants" time="0.105" /><testcase classname="tests.backend_test.TestSuperAdmin" name="test_overview" time="0.117" /><testcase classname="tests.backend_test.TestGalleryFlow" name="test_get_gallery" time="0.157" /><testcase classname="tests.backend_test.TestSuperAdmin" name="test_create_suspend_unsuspend_impersonate" time="69.931" /><testcase classname="tests.backend_test.TestGalleryFlow" name="test_dashboard_stats" time="0.295" /><testcase classname="tests.backend_test.TestGalleryFlow" name="test_upload_image" time="30.702" /><testcase classname="tests.backend_test.TestGalleryFlow" name="test_storage_quota_logic_exists" time="0.000" /><testcase classname="tests.backend_test.TestGalleryFlow" name="test_storage_quota_enforcement" time="1.534" /><testcase classname="tests.backend_test.TestGalleryFlow" name="test_create_share_no_password" time="0.121" /><testcase classname="tests.backend_test.TestGalleryFlow" name="test_create_share_with_password" time="0.339" /><testcase classname="tests.backend_test.TestGalleryFlow" name="test_toggle_share" time="0.237" /><testcase classname="tests.backend_test.TestGalleryFlow" name="test_public_share_meta_no_password" time="0.110" /><testcase classname="tests.backend_test.TestGalleryFlow" name="test_public_share_files_no_password" time="0.127" /><testcase classname="tests.backend_test.TestGalleryFlow" name="test_public_share_wrong_password" time="0.352" /><testcase classname="tests.backend_test.TestGalleryFlow" name="test_public_share_right_password" time="0.354" /><testcase classname="tests.backend_test.TestGalleryFlow" name="test_favourite_toggle" time="0.221" /><testcase classname="tests.backend_test.TestGalleryFlow" name="test_submit_favourites" time="0.127" /><testcase classname="tests.backend_test.TestGalleryFlow" name="test_share_download_file" time="0.129" /><testcase classname="tests.backend_test.TestGalleryFlow" name="test_delete_share" time="0.239" /><testcase classname="tests.backend_test.TestHealth" name="test_health" time="0.122" /><testcase classname="tests.backend_test.TestMultiTenantIsolation" name="test_tenant_b_cannot_see_tenant_a" time="2.144" /><testcase classname="tests.backend_test.TestTenantAuth" name="test_demo_login" time="0.330" /><testcase classname="tests.backend_test.TestTenantAuth" name="test_me" time="0.108" /><testcase classname="tests.backend_test.TestTenantAuth" name="test_login_bad_password" time="0.360" /><testcase classname="tests.backend_test.TestTenantAuth" name="test_me_no_token" time="0.113" /></testsuite></testsuites>